#! /c/Source/iverilog-install/bin/vvp
:ivl_version "12.0 (devel)" "(s20150603-1539-g2693dd32b)";
:ivl_delay_selection "TYPICAL";
:vpi_time_precision - 12;
:vpi_module "C:\iverilog\lib\ivl\system.vpi";
:vpi_module "C:\iverilog\lib\ivl\vhdl_sys.vpi";
:vpi_module "C:\iverilog\lib\ivl\vhdl_textio.vpi";
:vpi_module "C:\iverilog\lib\ivl\v2005_math.vpi";
:vpi_module "C:\iverilog\lib\ivl\va_math.vpi";
S_0000017a3f8b6830 .scope module, "ProgramCounter_tb" "ProgramCounter_tb" 2 4;
 .timescale -9 -12;
P_0000017a3f8b71b0 .param/l "CLK_PERIOD" 0 2 7, +C4<00000000000000000000000000001010>;
v0000017a3f8c6960_0 .var "clk", 0 0;
v0000017a3f8c6a00_0 .var "enable", 0 0;
v0000017a3f8c3da0_0 .net "pc", 7 0, L_0000017a3f8c6aa0;  1 drivers
v0000017a3f8c3e40_0 .var "reset", 0 0;
E_0000017a3f8b7370 .event posedge, v0000017a3f892f10_0;
S_0000017a3f8c6690 .scope module, "uut" "ProgramCounter" 2 16, 3 1 0, S_0000017a3f8b6830;
 .timescale -9 -12;
    .port_info 0 /INPUT 1 "clk";
    .port_info 1 /INPUT 1 "reset";
    .port_info 2 /INPUT 1 "enable";
    .port_info 3 /OUTPUT 8 "pc";
L_0000017a3f8c6aa0 .functor BUFZ 8, v0000017a3f8c6820_0, C4<00000000>, C4<00000000>, C4<00000000>;
v0000017a3f892f10_0 .net "clk", 0 0, v0000017a3f8c6960_0;  1 drivers
v0000017a3f892c90_0 .net "enable", 0 0, v0000017a3f8c6a00_0;  1 drivers
v0000017a3f8b69c0_0 .net "pc", 7 0, L_0000017a3f8c6aa0;  alias, 1 drivers
v0000017a3f8c6820_0 .var "pc_reg", 7 0;
v0000017a3f8c68c0_0 .net "reset", 0 0, v0000017a3f8c3e40_0;  1 drivers
E_0000017a3f8b76b0 .event posedge, v0000017a3f8c68c0_0, v0000017a3f892f10_0;
    .scope S_0000017a3f8c6690;
T_0 ;
    %wait E_0000017a3f8b76b0;
    %load/vec4 v0000017a3f8c68c0_0;
    %flag_set/vec4 8;
    %jmp/0xz  T_0.0, 8;
    %pushi/vec4 0, 0, 8;
    %assign/vec4 v0000017a3f8c6820_0, 0;
    %jmp T_0.1;
T_0.0 ;
    %load/vec4 v0000017a3f892c90_0;
    %flag_set/vec4 8;
    %jmp/0xz  T_0.2, 8;
    %load/vec4 v0000017a3f8c6820_0;
    %addi 1, 0, 8;
    %assign/vec4 v0000017a3f8c6820_0, 0;
T_0.2 ;
T_0.1 ;
    %jmp T_0;
    .thread T_0;
    .scope S_0000017a3f8b6830;
T_1 ;
    %delay 5000, 0;
    %load/vec4 v0000017a3f8c6960_0;
    %inv;
    %store/vec4 v0000017a3f8c6960_0, 0, 1;
    %jmp T_1;
    .thread T_1;
    .scope S_0000017a3f8b6830;
T_2 ;
    %pushi/vec4 0, 0, 1;
    %store/vec4 v0000017a3f8c6960_0, 0, 1;
    %pushi/vec4 1, 0, 1;
    %store/vec4 v0000017a3f8c3e40_0, 0, 1;
    %pushi/vec4 0, 0, 1;
    %store/vec4 v0000017a3f8c6a00_0, 0, 1;
    %delay 10000, 0;
    %pushi/vec4 0, 0, 1;
    %store/vec4 v0000017a3f8c3e40_0, 0, 1;
    %pushi/vec4 1, 0, 1;
    %store/vec4 v0000017a3f8c6a00_0, 0, 1;
    %delay 100000, 0;
    %pushi/vec4 0, 0, 1;
    %store/vec4 v0000017a3f8c6a00_0, 0, 1;
    %vpi_call 2 47 "$finish" {0 0 0};
    %end;
    .thread T_2;
    .scope S_0000017a3f8b6830;
T_3 ;
    %wait E_0000017a3f8b7370;
    %vpi_call 2 52 "$display", "Program Counter: %d", v0000017a3f8c3da0_0 {0 0 0};
    %jmp T_3;
    .thread T_3;
# The file index is used to find the file name in the following table.
:file_names 4;
    "N/A";
    "<interactive>";
    ".\program_counter_tb.v";
    "./program_counter.v";
